<?xml version="1.0" encoding="UTF-8"?>
<!-- Generated by org.testng.reporters.JUnitXMLReporter -->
<testsuite hostname="L6N57JR2" ignored="2" name="Test" tests="6" failures="3" timestamp="02 May 2021 14:46:25 GMT" time="114.066" errors="0">
  <testcase name="TC002" time="3.39" classname="testcases.APITestCase"/>
  <testcase name="TC001" time="8.685" classname="testcases.UITestCase">
    <failure type="org.openqa.selenium.NoSuchSessionException" message="invalid session id
Build info: version: &amp;apos;3.141.59&amp;apos;, revision: &amp;apos;e82be7d358&amp;apos;, time: &amp;apos;2018-11-14T08:17:03&amp;apos;
System info: host: &amp;apos;L6N57JR2&amp;apos;, ip: &amp;apos;192.168.42.154&amp;apos;, os.name: &amp;apos;Windows 10&amp;apos;, os.arch: &amp;apos;amd64&amp;apos;, os.version: &amp;apos;10.0&amp;apos;, java.version: &amp;apos;1.8.0_191&amp;apos;
Driver info: org.openqa.selenium.chrome.ChromeDriver
Capabilities {acceptInsecureCerts: false, browserName: chrome, browserVersion: 90.0.4430.93, chrome: {chromedriverVersion: 90.0.4430.24 (4c6d850f087da..., userDataDir: C:\Users\AG13999\AppData\Lo...}, goog:chromeOptions: {debuggerAddress: localhost:55148}, javascriptEnabled: true, networkConnectionEnabled: false, pageLoadStrategy: normal, platform: WINDOWS, platformName: WINDOWS, proxy: Proxy(), setWindowRect: true, strictFileInteractability: false, timeouts: {implicit: 0, pageLoad: 300000, script: 30000}, unhandledPromptBehavior: dismiss and notify, webauthn:extension:largeBlob: true, webauthn:virtualAuthenticators: true}
Session ID: bcaf147ab5026785ac072927bca28321
*** Element info: {Using=id, value=loading}">
      <![CDATA[org.openqa.selenium.NoSuchSessionException: invalid session id
Build info: version: '3.141.59', revision: 'e82be7d358', time: '2018-11-14T08:17:03'
System info: host: 'L6N57JR2', ip: '192.168.42.154', os.name: 'Windows 10', os.arch: 'amd64', os.version: '10.0', java.version: '1.8.0_191'
Driver info: org.openqa.selenium.chrome.ChromeDriver
Capabilities {acceptInsecureCerts: false, browserName: chrome, browserVersion: 90.0.4430.93, chrome: {chromedriverVersion: 90.0.4430.24 (4c6d850f087da..., userDataDir: C:\Users\AG13999\AppData\Lo...}, goog:chromeOptions: {debuggerAddress: localhost:55148}, javascriptEnabled: true, networkConnectionEnabled: false, pageLoadStrategy: normal, platform: WINDOWS, platformName: WINDOWS, proxy: Proxy(), setWindowRect: true, strictFileInteractability: false, timeouts: {implicit: 0, pageLoad: 300000, script: 30000}, unhandledPromptBehavior: dismiss and notify, webauthn:extension:largeBlob: true, webauthn:virtualAuthenticators: true}
Session ID: bcaf147ab5026785ac072927bca28321
*** Element info: {Using=id, value=loading}
at org.openqa.selenium.remote.http.W3CHttpResponseCodec.createException(W3CHttpResponseCodec.java:187)
at org.openqa.selenium.remote.http.W3CHttpResponseCodec.decode(W3CHttpResponseCodec.java:122)
at org.openqa.selenium.remote.http.W3CHttpResponseCodec.decode(W3CHttpResponseCodec.java:49)
at org.openqa.selenium.remote.HttpCommandExecutor.execute(HttpCommandExecutor.java:158)
at org.openqa.selenium.remote.service.DriverCommandExecutor.execute(DriverCommandExecutor.java:83)
at org.openqa.selenium.remote.RemoteWebDriver.execute(RemoteWebDriver.java:552)
at org.openqa.selenium.remote.RemoteWebDriver.findElement(RemoteWebDriver.java:323)
at org.openqa.selenium.remote.RemoteWebDriver.findElementById(RemoteWebDriver.java:372)
at org.openqa.selenium.By$ById.findElement(By.java:188)
at org.openqa.selenium.remote.RemoteWebDriver.findElement(RemoteWebDriver.java:315)
at org.openqa.selenium.support.ui.ExpectedConditions$20.apply(ExpectedConditions.java:577)
at org.openqa.selenium.support.ui.ExpectedConditions$20.apply(ExpectedConditions.java:573)
at org.openqa.selenium.support.ui.FluentWait.until(FluentWait.java:249)
at pages.WeatherPage.searchCity(WeatherPage.java:15)
at testcases.UITestCase.TC001(UITestCase.java:13)
at java.util.concurrent.ThreadPoolExecutor.runWorker(Unknown Source)
at java.util.concurrent.ThreadPoolExecutor$Worker.run(Unknown Source)
at java.lang.Thread.run(Unknown Source)
... Removed 14 stack frames]]>
    </failure>
  </testcase> <!-- TC001 -->
  <testcase name="TC003" time="19.576" classname="testcases.UIAndAPIComparison">
    <failure type="java.lang.AssertionError" message="Actual UI output: 32Actual API output: 28 expected [true] but found [false]">
      <![CDATA[java.lang.AssertionError: Actual UI output: 32Actual API output: 28 expected [true] but found [false]
at testcases.UIAndAPIComparison.TC003(UIAndAPIComparison.java:34)
at java.util.concurrent.ThreadPoolExecutor.runWorker(Unknown Source)
at java.util.concurrent.ThreadPoolExecutor$Worker.run(Unknown Source)
at java.lang.Thread.run(Unknown Source)
... Removed 13 stack frames]]>
    </failure>
  </testcase> <!-- TC003 -->
  <testcase name="TC002" time="1.767" classname="testcases.APITestCase"/>
  <testcase name="TC001" time="22.838" classname="testcases.UITestCase"/>
  <testcase name="TC003" time="16.16" classname="testcases.UIAndAPIComparison">
    <failure type="java.lang.AssertionError" message="Actual UI output: 99Actual API output: 87.8 expected [true] but found [false]">
      <![CDATA[java.lang.AssertionError: Actual UI output: 99Actual API output: 87.8 expected [true] but found [false]
at testcases.UIAndAPIComparison.TC003(UIAndAPIComparison.java:37)
at java.util.concurrent.ThreadPoolExecutor.runWorker(Unknown Source)
at java.util.concurrent.ThreadPoolExecutor$Worker.run(Unknown Source)
at java.lang.Thread.run(Unknown Source)
... Removed 13 stack frames]]>
    </failure>
  </testcase> <!-- TC003 -->
  <testcase name="@BeforeTest setConfigProperties" time="0.0" classname="annotations.Annotations">
    <ignored/>
  </testcase> <!-- @BeforeTest setConfigProperties -->
  <testcase name="@BeforeTest setConfigProperties" time="0.0" classname="annotations.Annotations">
    <ignored/>
  </testcase> <!-- @BeforeTest setConfigProperties -->
</testsuite> <!-- Test -->
