<?xml version="1.0" encoding="UTF-8"?>
<testng-results skipped="0" failed="3" ignored="2" total="8" passed="3">
  <reporter-output>
    <line>
      <![CDATA[Temperature of Mangalorein metric is 28]]>
    </line>
    <line>
      <![CDATA[Temperature of Kanpurin imperial is 87.8]]>
    </line>
    <line>
      <![CDATA[Temperature of Kanpurin imperial is 99]]>
    </line>
  </reporter-output>
  <suite name="Suite" duration-ms="114066" started-at="2021-05-02T14:44:31Z" finished-at="2021-05-02T14:46:25Z">
    <groups>
    </groups>
    <test name="Test" duration-ms="114066" started-at="2021-05-02T14:44:31Z" finished-at="2021-05-02T14:46:25Z">
      <class name="testcases.UITestCase">
        <test-method status="PASS" signature="before()[pri:0, instance:testcases.UITestCase@64bfbc86]" name="before" is-config="true" duration-ms="34973" started-at="2021-05-02T14:44:32Z" finished-at="2021-05-02T14:45:07Z">
          <reporter-output>
          </reporter-output>
        </test-method> <!-- before -->
        <test-method status="FAIL" signature="TC001(java.lang.String, java.lang.String, java.lang.String)[pri:0, instance:testcases.UITestCase@64bfbc86]" name="TC001" duration-ms="8685" started-at="2021-05-02T14:45:07Z" data-provider="data" finished-at="2021-05-02T14:45:16Z">
          <params>
            <param index="0">
              <value>
                <![CDATA[Mangalore]]>
              </value>
            </param>
            <param index="1">
              <value>
                <![CDATA[metric]]>
              </value>
            </param>
            <param index="2">
              <value>
                <![CDATA[3]]>
              </value>
            </param>
          </params>
          <exception class="org.openqa.selenium.NoSuchSessionException">
            <message>
              <![CDATA[invalid session id
Build info: version: '3.141.59', revision: 'e82be7d358', time: '2018-11-14T08:17:03'
System info: host: 'L6N57JR2', ip: '192.168.42.154', os.name: 'Windows 10', os.arch: 'amd64', os.version: '10.0', java.version: '1.8.0_191'
Driver info: org.openqa.selenium.chrome.ChromeDriver
Capabilities {acceptInsecureCerts: false, browserName: chrome, browserVersion: 90.0.4430.93, chrome: {chromedriverVersion: 90.0.4430.24 (4c6d850f087da..., userDataDir: C:\Users\AG13999\AppData\Lo...}, goog:chromeOptions: {debuggerAddress: localhost:55148}, javascriptEnabled: true, networkConnectionEnabled: false, pageLoadStrategy: normal, platform: WINDOWS, platformName: WINDOWS, proxy: Proxy(), setWindowRect: true, strictFileInteractability: false, timeouts: {implicit: 0, pageLoad: 300000, script: 30000}, unhandledPromptBehavior: dismiss and notify, webauthn:extension:largeBlob: true, webauthn:virtualAuthenticators: true}
Session ID: bcaf147ab5026785ac072927bca28321
*** Element info: {Using=id, value=loading}]]>
            </message>
            <full-stacktrace>
              <![CDATA[org.openqa.selenium.NoSuchSessionException: invalid session id
Build info: version: '3.141.59', revision: 'e82be7d358', time: '2018-11-14T08:17:03'
System info: host: 'L6N57JR2', ip: '192.168.42.154', os.name: 'Windows 10', os.arch: 'amd64', os.version: '10.0', java.version: '1.8.0_191'
Driver info: org.openqa.selenium.chrome.ChromeDriver
Capabilities {acceptInsecureCerts: false, browserName: chrome, browserVersion: 90.0.4430.93, chrome: {chromedriverVersion: 90.0.4430.24 (4c6d850f087da..., userDataDir: C:\Users\AG13999\AppData\Lo...}, goog:chromeOptions: {debuggerAddress: localhost:55148}, javascriptEnabled: true, networkConnectionEnabled: false, pageLoadStrategy: normal, platform: WINDOWS, platformName: WINDOWS, proxy: Proxy(), setWindowRect: true, strictFileInteractability: false, timeouts: {implicit: 0, pageLoad: 300000, script: 30000}, unhandledPromptBehavior: dismiss and notify, webauthn:extension:largeBlob: true, webauthn:virtualAuthenticators: true}
Session ID: bcaf147ab5026785ac072927bca28321
*** Element info: {Using=id, value=loading}
at sun.reflect.NativeConstructorAccessorImpl.newInstance0(Native Method)
at sun.reflect.NativeConstructorAccessorImpl.newInstance(Unknown Source)
at sun.reflect.DelegatingConstructorAccessorImpl.newInstance(Unknown Source)
at java.lang.reflect.Constructor.newInstance(Unknown Source)
at org.openqa.selenium.remote.http.W3CHttpResponseCodec.createException(W3CHttpResponseCodec.java:187)
at org.openqa.selenium.remote.http.W3CHttpResponseCodec.decode(W3CHttpResponseCodec.java:122)
at org.openqa.selenium.remote.http.W3CHttpResponseCodec.decode(W3CHttpResponseCodec.java:49)
at org.openqa.selenium.remote.HttpCommandExecutor.execute(HttpCommandExecutor.java:158)
at org.openqa.selenium.remote.service.DriverCommandExecutor.execute(DriverCommandExecutor.java:83)
at org.openqa.selenium.remote.RemoteWebDriver.execute(RemoteWebDriver.java:552)
at org.openqa.selenium.remote.RemoteWebDriver.findElement(RemoteWebDriver.java:323)
at org.openqa.selenium.remote.RemoteWebDriver.findElementById(RemoteWebDriver.java:372)
at org.openqa.selenium.By$ById.findElement(By.java:188)
at org.openqa.selenium.remote.RemoteWebDriver.findElement(RemoteWebDriver.java:315)
at org.openqa.selenium.support.ui.ExpectedConditions$20.apply(ExpectedConditions.java:577)
at org.openqa.selenium.support.ui.ExpectedConditions$20.apply(ExpectedConditions.java:573)
at org.openqa.selenium.support.ui.FluentWait.until(FluentWait.java:249)
at pages.WeatherPage.searchCity(WeatherPage.java:15)
at testcases.UITestCase.TC001(UITestCase.java:13)
at sun.reflect.NativeMethodAccessorImpl.invoke0(Native Method)
at sun.reflect.NativeMethodAccessorImpl.invoke(Unknown Source)
at sun.reflect.DelegatingMethodAccessorImpl.invoke(Unknown Source)
at java.lang.reflect.Method.invoke(Unknown Source)
at org.testng.internal.MethodInvocationHelper.invokeMethod(MethodInvocationHelper.java:124)
at org.testng.internal.Invoker.invokeMethod(Invoker.java:580)
at org.testng.internal.Invoker.invokeTestMethod(Invoker.java:716)
at org.testng.internal.Invoker.invokeTestMethods(Invoker.java:988)
at org.testng.internal.TestMethodWorker.invokeTestMethods(TestMethodWorker.java:125)
at org.testng.internal.TestMethodWorker.run(TestMethodWorker.java:109)
at java.util.concurrent.ThreadPoolExecutor.runWorker(Unknown Source)
at java.util.concurrent.ThreadPoolExecutor$Worker.run(Unknown Source)
at java.lang.Thread.run(Unknown Source)
]]>
            </full-stacktrace>
          </exception> <!-- org.openqa.selenium.NoSuchSessionException -->
          <reporter-output>
          </reporter-output>
        </test-method> <!-- TC001 -->
        <test-method status="PASS" signature="after()[pri:0, instance:testcases.UITestCase@64bfbc86]" name="after" is-config="true" duration-ms="97" started-at="2021-05-02T14:45:16Z" finished-at="2021-05-02T14:45:16Z">
          <reporter-output>
          </reporter-output>
        </test-method> <!-- after -->
        <test-method status="PASS" signature="before()[pri:0, instance:testcases.UITestCase@64bfbc86]" name="before" is-config="true" duration-ms="41952" started-at="2021-05-02T14:45:16Z" finished-at="2021-05-02T14:45:58Z">
          <reporter-output>
          </reporter-output>
        </test-method> <!-- before -->
        <test-method status="PASS" signature="TC001(java.lang.String, java.lang.String, java.lang.String)[pri:0, instance:testcases.UITestCase@64bfbc86]" name="TC001" duration-ms="22838" started-at="2021-05-02T14:45:58Z" data-provider="data" finished-at="2021-05-02T14:46:21Z">
          <params>
            <param index="0">
              <value>
                <![CDATA[Kanpur]]>
              </value>
            </param>
            <param index="1">
              <value>
                <![CDATA[imperial]]>
              </value>
            </param>
            <param index="2">
              <value>
                <![CDATA[10]]>
              </value>
            </param>
          </params>
          <reporter-output>
            <line>
              <![CDATA[Temperature of Kanpurin imperial is 99]]>
            </line>
          </reporter-output>
        </test-method> <!-- TC001 -->
        <test-method status="PASS" signature="after()[pri:0, instance:testcases.UITestCase@64bfbc86]" name="after" is-config="true" duration-ms="140" started-at="2021-05-02T14:46:21Z" finished-at="2021-05-02T14:46:21Z">
          <reporter-output>
          </reporter-output>
        </test-method> <!-- after -->
      </class> <!-- testcases.UITestCase -->
      <class name="testcases.APITestCase">
        <test-method status="PASS" signature="setConfigProperties()[pri:0, instance:testcases.APITestCase@20322d26]" name="setConfigProperties" is-config="true" duration-ms="19" started-at="2021-05-02T14:44:31Z" finished-at="2021-05-02T14:44:31Z">
          <reporter-output>
          </reporter-output>
        </test-method> <!-- setConfigProperties -->
        <test-method status="PASS" signature="before()[pri:0, instance:testcases.APITestCase@20322d26]" name="before" is-config="true" duration-ms="32696" started-at="2021-05-02T14:44:32Z" finished-at="2021-05-02T14:45:05Z">
          <reporter-output>
          </reporter-output>
        </test-method> <!-- before -->
        <test-method status="PASS" signature="TC002(java.lang.String, java.lang.String, java.lang.String)[pri:0, instance:testcases.APITestCase@20322d26]" name="TC002" duration-ms="3390" started-at="2021-05-02T14:45:05Z" data-provider="data" finished-at="2021-05-02T14:45:08Z">
          <params>
            <param index="0">
              <value>
                <![CDATA[Mangalore]]>
              </value>
            </param>
            <param index="1">
              <value>
                <![CDATA[metric]]>
              </value>
            </param>
            <param index="2">
              <value>
                <![CDATA[3]]>
              </value>
            </param>
          </params>
          <reporter-output>
            <line>
              <![CDATA[Temperature of Mangalorein metric is 28]]>
            </line>
          </reporter-output>
        </test-method> <!-- TC002 -->
        <test-method status="PASS" signature="after()[pri:0, instance:testcases.APITestCase@20322d26]" name="after" is-config="true" duration-ms="6847" started-at="2021-05-02T14:45:08Z" finished-at="2021-05-02T14:45:15Z">
          <reporter-output>
          </reporter-output>
        </test-method> <!-- after -->
        <test-method status="PASS" signature="before()[pri:0, instance:testcases.APITestCase@20322d26]" name="before" is-config="true" duration-ms="28450" started-at="2021-05-02T14:45:15Z" finished-at="2021-05-02T14:45:43Z">
          <reporter-output>
          </reporter-output>
        </test-method> <!-- before -->
        <test-method status="PASS" signature="TC002(java.lang.String, java.lang.String, java.lang.String)[pri:0, instance:testcases.APITestCase@20322d26]" name="TC002" duration-ms="1767" started-at="2021-05-02T14:45:43Z" data-provider="data" finished-at="2021-05-02T14:45:45Z">
          <params>
            <param index="0">
              <value>
                <![CDATA[Kanpur]]>
              </value>
            </param>
            <param index="1">
              <value>
                <![CDATA[imperial]]>
              </value>
            </param>
            <param index="2">
              <value>
                <![CDATA[10]]>
              </value>
            </param>
          </params>
          <reporter-output>
            <line>
              <![CDATA[Temperature of Kanpurin imperial is 87.8]]>
            </line>
          </reporter-output>
        </test-method> <!-- TC002 -->
        <test-method status="PASS" signature="after()[pri:0, instance:testcases.APITestCase@20322d26]" name="after" is-config="true" duration-ms="660" started-at="2021-05-02T14:45:45Z" finished-at="2021-05-02T14:45:46Z">
          <reporter-output>
          </reporter-output>
        </test-method> <!-- after -->
      </class> <!-- testcases.APITestCase -->
      <class name="testcases.UIAndAPIComparison">
        <test-method status="PASS" signature="before()[pri:0, instance:testcases.UIAndAPIComparison@192b07fd]" name="before" is-config="true" duration-ms="25009" started-at="2021-05-02T14:44:32Z" finished-at="2021-05-02T14:44:57Z">
          <reporter-output>
          </reporter-output>
        </test-method> <!-- before -->
        <test-method status="FAIL" signature="TC003(java.lang.String, java.lang.String, java.lang.String)[pri:0, instance:testcases.UIAndAPIComparison@192b07fd]" name="TC003" duration-ms="19576" started-at="2021-05-02T14:44:57Z" data-provider="data" finished-at="2021-05-02T14:45:17Z">
          <params>
            <param index="0">
              <value>
                <![CDATA[Mangalore]]>
              </value>
            </param>
            <param index="1">
              <value>
                <![CDATA[metric]]>
              </value>
            </param>
            <param index="2">
              <value>
                <![CDATA[3]]>
              </value>
            </param>
          </params>
          <exception class="java.lang.AssertionError">
            <message>
              <![CDATA[Actual UI output: 32Actual API output: 28 expected [true] but found [false]]]>
            </message>
            <full-stacktrace>
              <![CDATA[java.lang.AssertionError: Actual UI output: 32Actual API output: 28 expected [true] but found [false]
at org.testng.Assert.fail(Assert.java:96)
at org.testng.Assert.failNotEquals(Assert.java:776)
at org.testng.Assert.assertTrue(Assert.java:44)
at testcases.UIAndAPIComparison.TC003(UIAndAPIComparison.java:34)
at sun.reflect.NativeMethodAccessorImpl.invoke0(Native Method)
at sun.reflect.NativeMethodAccessorImpl.invoke(Unknown Source)
at sun.reflect.DelegatingMethodAccessorImpl.invoke(Unknown Source)
at java.lang.reflect.Method.invoke(Unknown Source)
at org.testng.internal.MethodInvocationHelper.invokeMethod(MethodInvocationHelper.java:124)
at org.testng.internal.Invoker.invokeMethod(Invoker.java:580)
at org.testng.internal.Invoker.invokeTestMethod(Invoker.java:716)
at org.testng.internal.Invoker.invokeTestMethods(Invoker.java:988)
at org.testng.internal.TestMethodWorker.invokeTestMethods(TestMethodWorker.java:125)
at org.testng.internal.TestMethodWorker.run(TestMethodWorker.java:109)
at java.util.concurrent.ThreadPoolExecutor.runWorker(Unknown Source)
at java.util.concurrent.ThreadPoolExecutor$Worker.run(Unknown Source)
at java.lang.Thread.run(Unknown Source)
]]>
            </full-stacktrace>
          </exception> <!-- java.lang.AssertionError -->
          <reporter-output>
          </reporter-output>
        </test-method> <!-- TC003 -->
        <test-method status="PASS" signature="after()[pri:0, instance:testcases.UIAndAPIComparison@192b07fd]" name="after" is-config="true" duration-ms="505" started-at="2021-05-02T14:45:17Z" finished-at="2021-05-02T14:45:17Z">
          <reporter-output>
          </reporter-output>
        </test-method> <!-- after -->
        <test-method status="PASS" signature="before()[pri:0, instance:testcases.UIAndAPIComparison@192b07fd]" name="before" is-config="true" duration-ms="52069" started-at="2021-05-02T14:45:17Z" finished-at="2021-05-02T14:46:09Z">
          <reporter-output>
          </reporter-output>
        </test-method> <!-- before -->
        <test-method status="FAIL" signature="TC003(java.lang.String, java.lang.String, java.lang.String)[pri:0, instance:testcases.UIAndAPIComparison@192b07fd]" name="TC003" duration-ms="16160" started-at="2021-05-02T14:46:09Z" data-provider="data" finished-at="2021-05-02T14:46:25Z">
          <params>
            <param index="0">
              <value>
                <![CDATA[Kanpur]]>
              </value>
            </param>
            <param index="1">
              <value>
                <![CDATA[imperial]]>
              </value>
            </param>
            <param index="2">
              <value>
                <![CDATA[10]]>
              </value>
            </param>
          </params>
          <exception class="java.lang.AssertionError">
            <message>
              <![CDATA[Actual UI output: 99Actual API output: 87.8 expected [true] but found [false]]]>
            </message>
            <full-stacktrace>
              <![CDATA[java.lang.AssertionError: Actual UI output: 99Actual API output: 87.8 expected [true] but found [false]
at org.testng.Assert.fail(Assert.java:96)
at org.testng.Assert.failNotEquals(Assert.java:776)
at org.testng.Assert.assertTrue(Assert.java:44)
at testcases.UIAndAPIComparison.TC003(UIAndAPIComparison.java:37)
at sun.reflect.NativeMethodAccessorImpl.invoke0(Native Method)
at sun.reflect.NativeMethodAccessorImpl.invoke(Unknown Source)
at sun.reflect.DelegatingMethodAccessorImpl.invoke(Unknown Source)
at java.lang.reflect.Method.invoke(Unknown Source)
at org.testng.internal.MethodInvocationHelper.invokeMethod(MethodInvocationHelper.java:124)
at org.testng.internal.Invoker.invokeMethod(Invoker.java:580)
at org.testng.internal.Invoker.invokeTestMethod(Invoker.java:716)
at org.testng.internal.Invoker.invokeTestMethods(Invoker.java:988)
at org.testng.internal.TestMethodWorker.invokeTestMethods(TestMethodWorker.java:125)
at org.testng.internal.TestMethodWorker.run(TestMethodWorker.java:109)
at java.util.concurrent.ThreadPoolExecutor.runWorker(Unknown Source)
at java.util.concurrent.ThreadPoolExecutor$Worker.run(Unknown Source)
at java.lang.Thread.run(Unknown Source)
]]>
            </full-stacktrace>
          </exception> <!-- java.lang.AssertionError -->
          <reporter-output>
          </reporter-output>
        </test-method> <!-- TC003 -->
        <test-method status="PASS" signature="after()[pri:0, instance:testcases.UIAndAPIComparison@192b07fd]" name="after" is-config="true" duration-ms="121" started-at="2021-05-02T14:46:25Z" finished-at="2021-05-02T14:46:25Z">
          <reporter-output>
          </reporter-output>
        </test-method> <!-- after -->
      </class> <!-- testcases.UIAndAPIComparison -->
    </test> <!-- Test -->
  </suite> <!-- Suite -->
</testng-results>
